<?xml version="1.0" encoding="UTF-8"?>
<!-- Generated by org.testng.reporters.JUnitReportReporter -->
<testsuite hostname="P11-AS-CHSSXC2" name="com.altisource.MPT_test.MPT_BulkFilesTest" tests="5" failures="0" timestamp="27 Nov 2017 15:49:13 GMT" time="10.063" errors="0">
  <testcase name="getProjectDetails" time="4.845" classname="com.altisource.MPT_test.MPT_BulkFilesTest"/>
  <testcase name="getProjectDetails" time="1.333" classname="com.altisource.MPT_test.MPT_BulkFilesTest"/>
  <testcase name="getProjectDetails" time="1.268" classname="com.altisource.MPT_test.MPT_BulkFilesTest"/>
  <testcase name="getProjectDetails" time="1.248" classname="com.altisource.MPT_test.MPT_BulkFilesTest"/>
  <testcase name="getProjectDetails" time="1.369" classname="com.altisource.MPT_test.MPT_BulkFilesTest"/>
</testsuite> <!-- com.altisource.MPT_test.MPT_BulkFilesTest -->
