<?xml version="1.0" encoding="UTF-8"?>
<!-- Generated by org.testng.reporters.JUnitReportReporter -->
<testsuite hostname="P11-AS-CHSSXC2" name="com.altisource.test.AppTest" tests="5" failures="0" timestamp="1 Nov 2017 19:35:14 GMT" time="100.280" errors="0">
  <testcase name="insertIntoPartnerCompanyPartnerTypeRelData" time="75.484" classname="com.altisource.test.AppTest"/>
  <testcase name="insertIntoPartnerCompanyPartnerTypeRelData" time="6.372" classname="com.altisource.test.AppTest"/>
  <testcase name="insertIntoPartnerCompanyPartnerTypeRelData" time="6.243" classname="com.altisource.test.AppTest"/>
  <testcase name="insertIntoPartnerCompanyPartnerTypeRelData" time="6.472" classname="com.altisource.test.AppTest"/>
  <testcase name="insertIntoPartnerCompanyPartnerTypeRelData" time="5.709" classname="com.altisource.test.AppTest"/>
</testsuite> <!-- com.altisource.test.AppTest -->
