<?xml version="1.0" encoding="UTF-8"?>
<!-- Generated by org.testng.reporters.JUnitReportReporter -->
<testsuite hostname="P11-AS-CHSSXC2" name="com.altisource.MPT_test.createInsertToArchiveForMPT" tests="1" failures="0" timestamp="22 Nov 2017 14:41:41 GMT" time="66.107" errors="0">
  <testcase name="getInsertToDB" time="66.107" classname="com.altisource.MPT_test.createInsertToArchiveForMPT"/>
</testsuite> <!-- com.altisource.MPT_test.createInsertToArchiveForMPT -->
