<?xml version="1.0" encoding="UTF-8"?>
<!-- Generated by org.testng.reporters.JUnitReportReporter -->
<testsuite skipped="0" hostname="P11-AS-BX6QQ12" name="com.mpt.ui.testcase.HomePageTest" tests="2" failures="0" timestamp="29 Oct 2018 10:18:03 GMT" time="45.788" errors="0">
  <testcase name="validateLogo" time="38.858" classname="com.mpt.ui.testcase.HomePageTest"/>
  <testcase name="validateTitle" time="6.930" classname="com.mpt.ui.testcase.HomePageTest"/>
</testsuite> <!-- com.mpt.ui.testcase.HomePageTest -->
