<?xml version="1.0" encoding="UTF-8"?>
<!-- Generated by org.testng.reporters.JUnitReportReporter -->
<testsuite hostname="P11-AS-CHSSXC2" name="com.altisource.poc.testFramework.CreateProjectTest" tests="1" failures="0" timestamp="29 Sep 2017 11:46:28 GMT" time="13.395" errors="0">
  <testcase name="getValue" time="13.395" classname="com.altisource.poc.testFramework.CreateProjectTest"/>
</testsuite> <!-- com.altisource.poc.testFramework.CreateProjectTest -->
