<?xml version="1.0" encoding="UTF-8"?>
<!-- Generated by org.testng.reporters.JUnitReportReporter -->
<testsuite skipped="0" hostname="P11-AS-BX6QQ12" name="pages.mpt.ui.TestTC" tests="3" failures="0" timestamp="26 Oct 2018 13:50:26 GMT" time="65.508" errors="0">
  <testcase name="PO_NavURL" time="29.576" classname="pages.mpt.ui.TestTC"/>
  <testcase name="EnterPropertyAddMdtFields" time="7.329" classname="pages.mpt.ui.TestTC"/>
  <testcase name="EnterAdditionalCoBuyerFields" time="28.603" classname="pages.mpt.ui.TestTC"/>
</testsuite> <!-- pages.mpt.ui.TestTC -->
