<?xml version="1.0" encoding="UTF-8"?>
<!-- Generated by org.testng.reporters.JUnitReportReporter -->
<testsuite skipped="0" hostname="P11-AS-BX6QQ12" name="testcase.mpt.ui.PlaceOrder_tc" tests="10" failures="0" timestamp="23 Oct 2018 16:04:12 GMT" time="86.048" errors="0">
  <testcase name="PO_NavURL" time="28.829" classname="testcase.mpt.ui.PlaceOrder_tc"/>
  <testcase name="PO_YourCompany_Mdt" time="9.201" classname="testcase.mpt.ui.PlaceOrder_tc"/>
  <testcase name="PO_YourCompany_Opt" time="4.864" classname="testcase.mpt.ui.PlaceOrder_tc"/>
  <testcase name="PO_PropertyAdd_mdt" time="8.461" classname="testcase.mpt.ui.PlaceOrder_tc"/>
  <testcase name="PO_PropertyAdd_opt" time="6.712" classname="testcase.mpt.ui.PlaceOrder_tc"/>
  <testcase name="PO_OrderDetails_mdt" time="2.372" classname="testcase.mpt.ui.PlaceOrder_tc"/>
  <testcase name="PO_OrderDetails_opt" time="1.509" classname="testcase.mpt.ui.PlaceOrder_tc"/>
  <testcase name="PO_FileDetails_mdt" time="0.002" classname="testcase.mpt.ui.PlaceOrder_tc"/>
  <testcase name="PO_FileDetails_opt" time="4.944" classname="testcase.mpt.ui.PlaceOrder_tc"/>
  <testcase name="PO_PrimaryBuyerBrwr" time="19.154" classname="testcase.mpt.ui.PlaceOrder_tc"/>
</testsuite> <!-- testcase.mpt.ui.PlaceOrder_tc -->
