<?xml version="1.0" encoding="UTF-8"?>
<!-- Generated by org.testng.reporters.JUnitReportReporter -->
<testsuite skipped="0" hostname="P11-AS-BX6QQ12" name="com.mpt.ui.testcase.HomePageTest" tests="2" failures="0" timestamp="28 Oct 2018 18:20:25 GMT" time="35.260" errors="0">
  <testcase name="validateLogo" time="23.237" classname="com.mpt.ui.testcase.HomePageTest"/>
  <testcase name="validateTitle" time="12.023" classname="com.mpt.ui.testcase.HomePageTest"/>
</testsuite> <!-- com.mpt.ui.testcase.HomePageTest -->
