<?xml version="1.0" encoding="UTF-8"?>
<!-- Generated by org.testng.reporters.JUnitReportReporter -->
<testsuite hostname="P11-AS-CHSSXC2" name="com.altisource.test.CreateProjectTest" tests="18" failures="0" timestamp="10 Oct 2017 18:39:58 GMT" time="208.559" errors="0">
  <testcase name="createBorrowerTest" time="10.674" classname="com.altisource.test.CreateProjectTest"/>
  <testcase name="createProjectTest" time="10.662" classname="com.altisource.test.CreateProjectTest"/>
  <testcase name="createProjectTest" time="10.662" classname="com.altisource.test.CreateProjectTest"/>
  <testcase name="createBorrowerTest" time="10.904" classname="com.altisource.test.CreateProjectTest"/>
  <testcase name="createProjectTest" time="10.608" classname="com.altisource.test.CreateProjectTest"/>
  <testcase name="createProjectTest" time="10.831" classname="com.altisource.test.CreateProjectTest"/>
  <testcase name="createProjectTest" time="10.899" classname="com.altisource.test.CreateProjectTest"/>
  <testcase name="createBorrowerTest" time="10.733" classname="com.altisource.test.CreateProjectTest"/>
  <testcase name="createProjectTest" time="10.659" classname="com.altisource.test.CreateProjectTest"/>
  <testcase name="createBorrowerTest" time="25.335" classname="com.altisource.test.CreateProjectTest"/>
  <testcase name="createProjectTest" time="10.859" classname="com.altisource.test.CreateProjectTest"/>
  <testcase name="createProjectTest" time="10.672" classname="com.altisource.test.CreateProjectTest"/>
  <testcase name="getValue" time="11.163" classname="com.altisource.test.CreateProjectTest"/>
  <testcase name="createProjectTest" time="10.639" classname="com.altisource.test.CreateProjectTest"/>
  <testcase name="createProjectTest" time="10.717" classname="com.altisource.test.CreateProjectTest"/>
  <testcase name="createProjectTest" time="10.800" classname="com.altisource.test.CreateProjectTest"/>
  <testcase name="createBorrowerTest" time="10.703" classname="com.altisource.test.CreateProjectTest"/>
  <testcase name="createProjectTest" time="11.039" classname="com.altisource.test.CreateProjectTest"/>
</testsuite> <!-- com.altisource.test.CreateProjectTest -->
