<?xml version="1.0" encoding="UTF-8"?>
<!-- Generated by org.testng.reporters.JUnitReportReporter -->
<testsuite hostname="P11-AS-CHSSXC2" name="com.altisource.test.MPT_APIcallTest" tests="1" failures="0" timestamp="3 Nov 2017 09:16:33 GMT" time="2.924" errors="0">
  <testcase name="getProjectDetails" time="2.924" classname="com.altisource.test.MPT_APIcallTest"/>
</testsuite> <!-- com.altisource.test.MPT_APIcallTest -->
