<?xml version="1.0" encoding="UTF-8"?>
<!-- Generated by org.testng.reporters.JUnitReportReporter -->
<testsuite skipped="0" hostname="P11-AS-BX6QQ12" name="pages.mpt.ui.NewTCexcel" tests="3" failures="0" timestamp="28 Oct 2018 12:53:37 GMT" time="40.011" errors="0">
  <testcase name="DemoProj" time="12.885" classname="pages.mpt.ui.NewTCexcel"/>
  <testcase name="DemoProj" time="12.911" classname="pages.mpt.ui.NewTCexcel"/>
  <testcase name="DemoProj" time="14.215" classname="pages.mpt.ui.NewTCexcel"/>
</testsuite> <!-- pages.mpt.ui.NewTCexcel -->
