<?xml version="1.0" encoding="UTF-8"?>
<!-- Generated by org.testng.reporters.JUnitReportReporter -->
<testsuite hostname="P11-AS-CHSSXC2" name="com.altisource.poc.testFramework.getToken" tests="1" failures="0" timestamp="22 Sep 2017 10:45:29 GMT" time="30.811" errors="0">
  <testcase name="printTokenValue" time="30.811" classname="com.altisource.poc.testFramework.getToken"/>
</testsuite> <!-- com.altisource.poc.testFramework.getToken -->
