<?xml version="1.0" encoding="UTF-8"?>
<!-- Generated by org.testng.reporters.JUnitReportReporter -->
<testsuite hostname="P11-AS-CHSSXC2" name="com.altisource.MPT_test.insertDataToDbTest" tests="1" failures="1" timestamp="7 Dec 2017 19:39:08 GMT" time="18.675" errors="0">
  <testcase name="insertIntoFileMainData" time="18.675" classname="com.altisource.MPT_test.insertDataToDbTest">
    <failure type="org.testng.TestNGException" message="
The data provider is trying to pass 36 parameters but the method com.altisource.MPT_test.insertDataToDbTest#insertIntoFileMainData takes 35">
      <![CDATA[org.testng.TestNGException: 
The data provider is trying to pass 36 parameters but the method com.altisource.MPT_test.insertDataToDbTest#insertIntoFileMainData takes 35
	at org.testng.internal.Invoker.injectParameters(Invoker.java:1343)
	at org.testng.internal.Invoker.invokeTestMethods(Invoker.java:1231)
	at org.testng.internal.TestMethodWorker.invokeTestMethods(TestMethodWorker.java:127)
	at org.testng.internal.TestMethodWorker.run(TestMethodWorker.java:111)
	at org.testng.TestRunner.privateRun(TestRunner.java:767)
	at org.testng.TestRunner.run(TestRunner.java:617)
	at org.testng.SuiteRunner.runTest(SuiteRunner.java:334)
	at org.testng.SuiteRunner.runSequentially(SuiteRunner.java:329)
	at org.testng.SuiteRunner.privateRun(SuiteRunner.java:291)
	at org.testng.SuiteRunner.run(SuiteRunner.java:240)
	at org.testng.SuiteRunnerWorker.runSuite(SuiteRunnerWorker.java:51)
	at org.testng.SuiteRunnerWorker.run(SuiteRunnerWorker.java:85)
	at org.testng.TestNG.runSuitesSequentially(TestNG.java:1197)
	at org.testng.TestNG.runSuitesLocally(TestNG.java:1122)
	at org.testng.TestNG.run(TestNG.java:1030)
	at org.testng.remote.AbstractRemoteTestNG.run(AbstractRemoteTestNG.java:114)
	at org.testng.remote.RemoteTestNG.initAndRun(RemoteTestNG.java:251)
	at org.testng.remote.RemoteTestNG.main(RemoteTestNG.java:77)
]]>
    </failure>
  </testcase> <!-- insertIntoFileMainData -->
</testsuite> <!-- com.altisource.MPT_test.insertDataToDbTest -->
