<?xml version="1.0" encoding="UTF-8"?>
<!-- Generated by org.testng.reporters.JUnitReportReporter -->
<testsuite hostname="P11-AS-CHSSXC2" name="com.altisource.test.MPT_BulkFilesTest" tests="5" failures="0" timestamp="7 Nov 2017 07:45:34 GMT" time="12.237" errors="0">
  <testcase name="getProjectDetails" time="2.068" classname="com.altisource.test.MPT_BulkFilesTest"/>
  <testcase name="getProjectDetails" time="2.494" classname="com.altisource.test.MPT_BulkFilesTest"/>
  <testcase name="getProjectDetails" time="2.559" classname="com.altisource.test.MPT_BulkFilesTest"/>
  <testcase name="getProjectDetails" time="1.959" classname="com.altisource.test.MPT_BulkFilesTest"/>
  <testcase name="getProjectDetails" time="3.157" classname="com.altisource.test.MPT_BulkFilesTest"/>
</testsuite> <!-- com.altisource.test.MPT_BulkFilesTest -->
