<?xml version="1.0" encoding="UTF-8"?>
<!-- Generated by org.testng.reporters.JUnitReportReporter -->
<testsuite hostname="P11-AS-CHSSXC2" name="com.altisource.test.insertDataToDbTest" tests="5" failures="0" timestamp="7 Nov 2017 07:45:34 GMT" time="24.977" errors="0">
  <testcase name="insertIntoGeneralUserData" time="4.963" classname="com.altisource.test.insertDataToDbTest"/>
  <testcase name="insertIntoGeneralUserData" time="5.208" classname="com.altisource.test.insertDataToDbTest"/>
  <testcase name="insertIntoGeneralUserData" time="6.126" classname="com.altisource.test.insertDataToDbTest"/>
  <testcase name="insertIntoGeneralUserData" time="4.523" classname="com.altisource.test.insertDataToDbTest"/>
  <testcase name="insertIntoGeneralUserData" time="4.157" classname="com.altisource.test.insertDataToDbTest"/>
</testsuite> <!-- com.altisource.test.insertDataToDbTest -->
